Arguments: 
  C:\Program Files\nodejs\node.exe C:\Program Files (x86)\Yarn\bin\yarn.js

PATH: 
  C:\cmder\bin;C:\cmder\vendor\bin;C:\cmder\vendor\conemu-maximus5\ConEmu\Scripts;C:\cmder\vendor\conemu-maximus5;C:\cmder\vendor\conemu-maximus5\ConEmu;C:\ProgramData\DockerDesktop\version-bin;C:\Program Files\Docker\Docker\Resources\bin;C:\Program Files (x86)\Microsoft SDKs\Azure\CLI2\wbin;C:\Program Files\Amazon Corretto\jdk11.0.4_10\bin;C:\Python27\;C:\Python27\Scripts;C:\Program Files (x86)\Razer Chroma SDK\bin;C:\Program Files\Razer Chroma SDK\bin;C:\ProgramData\Oracle\Java\javapath;C:\Program Files (x86)\Intel\iCLS Client\;C:\Program Files\Intel\iCLS Client\;C:\Windows\system32;C:\Windows;C:\Windows\System32\Wbem;C:\Windows\System32\WindowsPowerShell\v1.0\;C:\Program Files (x86)\Intel\Intel(R) Management Engine Components\DAL;C:\Program Files\Intel\Intel(R) Management Engine Components\DAL;C:\Program Files (x86)\Intel\Intel(R) Management Engine Components\IPT;C:\Program Files\Intel\Intel(R) Management Engine Components\IPT;C:\Program Files (x86)\NVIDIA Corporation\PhysX\Common;C:\Users\Didrik Fleischer\AppData\Local\Microsoft\WindowsApps;C:\Users\Didrik Fleischer\AppData\Roaming\Dashlane\4.6.8.25848\bin\Firefox_Extension\{442718d9-475e-452a-b3e1-fb1ee16b8e9f}\components;C:\Program Files\Git\cmd;C:\WINDOWS\system32;C:\WINDOWS;C:\WINDOWS\System32\Wbem;C:\WINDOWS\System32\WindowsPowerShell\v1.0\;C:\Go\bin;C:\WINDOWS\System32\OpenSSH\;C:\Program Files\Microsoft VS Code\bin;C:\Program Files\NVIDIA Corporation\NVIDIA NvDLISR;C:\Program Files\Amazon\AWSCLI\bin\;C:\Anaconda3\condabin;C:\ProgramData\chocolatey\bin;C:\Program Files\Java\jdk1.8.0_211\bin;C:\ProgramData\chocolatey\lib\maven\apache-maven-3.6.1\bin;C:\utils\spring-2.2.0.BUILD-SNAPSHOT\bin;C:\WINDOWS\system32;C:\WINDOWS;C:\WINDOWS\System32\Wbem;C:\WINDOWS\System32\WindowsPowerShell\v1.0\;C:\WINDOWS\System32\OpenSSH\;C:\Program Files\dotnet\;C:\Program Files\nodejs\;C:\Program Files (x86)\Yarn\bin\;C:\users\didrik fleischer\appdata\local\programs\python\python36;C:\Users\Didrik Fleischer\AppData\Local\Programs\Python\Python36;C:\Program Files\Sublime Text 3;C:\Program Files\MongoDB\Server\3.6\bin;C:\Users\Didrik Fleischer\AppData\Roaming\Dashlane\5.12.0.19744\bin\Firefox_Extension\{442718d9-475e-452a-b3e1-fb1ee16b8e9f}\components;C:\Users\Didrik Fleischer\AppData\Roaming\Dashlane\5.12.0.19744\ucrt;C:\Users\Didrik Fleischer\AppData\Local\GitHubDesktop\bin;c:\users\didrik fleischer\appdata\local\programs\python\python36\lib\site-packages;C:\Users\Didrik Fleischer\AppData\Roaming\Python\Python36\Scripts;C:\Users\Didrik Fleischer\AppData\Roaming\Dashlane\6.1907.0.17833\bin\Firefox_Extension\{442718d9-475e-452a-b3e1-fb1ee16b8e9f}\components;C:\Users\Didrik Fleischer\AppData\Roaming\Dashlane\6.1907.0.17833\ucrt;C:\Users\Didrik Fleischer\AppData\Roaming\Dashlane\6.1907.0.17833\bin\Qt;C:\Users\Didrik Fleischer\AppData\Roaming\Dashlane\6.1907.0.17833\bin\Ssl;C:\Program Files\JetBrains\PyCharm 2018.3.4\bin;C:\Users\Didrik Fleischer\AppData\Local\Android\Sdk\platform-tools;C:\Users\Didrik Fleischer\AppData\Roaming\npm;C:\Users\Didrik Fleischer\AppData\Local\Yarn\bin;C:\Program Files\Git\cmd;C:\Program Files\Git\mingw64\bin;C:\Program Files\Git\usr\bin;C:\cmder

Yarn version: 
  1.21.1

Node version: 
  10.17.0

Platform: 
  win32 x64

Trace: 
  SyntaxError: c:\Code\playground\package.json: Unexpected token } in JSON at position 1144
      at JSON.parse (<anonymous>)
      at C:\Program Files (x86)\Yarn\lib\cli.js:1625:59
      at Generator.next (<anonymous>)
      at step (C:\Program Files (x86)\Yarn\lib\cli.js:310:30)
      at C:\Program Files (x86)\Yarn\lib\cli.js:321:13

npm manifest: 
  {
    "name": "coder-cms",
    "version": "1.0.0",
    "description": "A content management system for developers to share their work. Built with React, Redux, Koa and MongoDB.",
    "main": "index.js",
    "scripts": {
      "start": "webpack-dev-server",
      "build-client": "webpack",
      "build-server": "webpack --config webpack.server.config.js",
      "watch-client": "webpack --watch --info-verbosity verbose --progress",
      "watch-server": "tsc -w --project tsconfig.server.json",
      "serve": "nodemon ./server/index.js"
    },
    "repository": {
      "type": "git",
      "url": "git+https://github.com/DidrikF/coder-cms.git"
    },
    "author": "Didrik Fleischer",
    "license": "ISC",
    "bugs": {
      "url": "https://github.com/DidrikF/coder-cms/issues"
    },
    "homepage": "https://github.com/DidrikF/coder-cms#readme",
    "devDependencies": {
      "@types/koa": "^2.11.0",
      "@types/koa-static": "^4.0.1",
      "@types/redux": "^3.6.0",
      "ts-loader": "^6.2.1",
      "typescript": "^3.7.4",
      "webpack": "^4.41.4",
      "webpack-cli": "^3.3.10",
      "webpack-dev-server": "^3.10.1",
      "@types/react": "^16.9.17",
      "@types/react-dom": "^16.9.4",
    },
    "dependencies": {
      "@reduxjs/toolkit": "^1.1.0",
      "gsap": "^3.0.4",
      "koa": "^2.11.0",
      "koa-body": "^4.1.1",
      "koa-static": "^5.0.0",
      "react": "^16.12.0",
      "react-dom": "^16.12.0",
      "react-redux": "^7.1.3",
      "redux": "^4.0.5",
      "redux-observable": "^1.2.0",
      "rxjs": "^6.5.4"
    }
  }

yarn manifest: 
  No manifest

Lockfile: 
  No lockfile
